\BOOKMARK [0][-]{section*.2}{\376\377\000A\000b\000s\000t\000r\000a\000c\000t\000\040\000\050\000C\000h\000i\000n\000e\000s\000e\000\051}{}% 1
\BOOKMARK [0][-]{section*.4}{\376\377\000A\000b\000s\000t\000r\000a\000c\000t}{}% 2
\BOOKMARK [0][-]{section*.6}{\376\377\000A\000c\000k\000n\000o\000w\000l\000e\000d\000g\000e\000m\000e\000n\000t\000s\000\040\000\050\000C\000h\000i\000n\000e\000s\000e\000\051}{}% 3
\BOOKMARK [0][-]{section*.8}{\376\377\000A\000c\000k\000n\000o\000w\000l\000e\000d\000g\000e\000m\000e\000n\000t\000s}{}% 4
\BOOKMARK [0][-]{chapter*.9}{\376\377\000C\000o\000n\000t\000e\000n\000t\000s}{}% 5
\BOOKMARK [0][-]{chapter*.10}{\376\377\000L\000i\000s\000t\000\040\000o\000f\000\040\000F\000i\000g\000u\000r\000e\000s}{}% 6
\BOOKMARK [0][-]{chapter*.11}{\376\377\000L\000i\000s\000t\000\040\000o\000f\000\040\000T\000a\000b\000l\000e\000s}{}% 7
\BOOKMARK [0][-]{chapter*.13}{\376\377\000L\000i\000s\000t\000\040\000o\000f\000\040\000A\000l\000g\000o\000r\000i\000t\000h\000m\000s}{}% 8
\BOOKMARK [0][-]{chapter.1}{\376\377\000C\000h\000a\000p\000t\000e\000r\000\040\0001\000\040\000t\000i\000t\000l\000e}{}% 9
\BOOKMARK [1][-]{section.1.1}{\376\377\000S\000e\000c\000t\000i\000o\000n\000\040\000a}{chapter.1}% 10
\BOOKMARK [1][-]{section.1.2}{\376\377\000S\000e\000c\000t\000i\000o\000n\000\040\000b}{chapter.1}% 11
\BOOKMARK [0][-]{chapter.2}{\376\377\000C\000h\000a\000p\000t\000e\000r\000\040\0002\000\040\000t\000i\000t\000l\000e}{}% 12
\BOOKMARK [1][-]{section.2.1}{\376\377\000S\000e\000c\000t\000i\000o\000n\000\040\000a}{chapter.2}% 13
\BOOKMARK [1][-]{section.2.2}{\376\377\000S\000e\000c\000t\000i\000o\000n\000\040\000b}{chapter.2}% 14
\BOOKMARK [0][-]{chapter.3}{\376\377\000C\000h\000a\000p\000t\000e\000r\000\040\0003\000\040\000t\000i\000t\000l\000e}{}% 15
\BOOKMARK [1][-]{section.3.1}{\376\377\000A\000l\000g\000o\000r\000i\000t\000h\000m\000\040\000e\000x\000a\000m\000p\000l\000e}{chapter.3}% 16
\BOOKMARK [0][-]{chapter.4}{\376\377\000C\000h\000a\000p\000t\000e\000r\000\040\0004\000:\000\040\000M\000a\000t\000h\000\040\000i\000n\000\040\000t\000i\000t\000l\000e\000\040\000a\0002\000+\000b\0002\000\040\000=\000\040\000c\0002}{}% 17
\BOOKMARK [1][-]{section.4.1}{\376\377\000S\000e\000c\000t\000i\000o\000n\000\040\000a}{chapter.4}% 18
\BOOKMARK [1][-]{section.4.2}{\376\377\000S\000e\000c\000t\000i\000o\000n\000\040\000b}{chapter.4}% 19
\BOOKMARK [0][-]{chapter.5}{\376\377\000C\000h\000a\000p\000t\000e\000r\000\040\0005\000\040\000t\000i\000t\000l\000e}{}% 20
\BOOKMARK [1][-]{section.5.1}{\376\377\000S\000e\000c\000t\000i\000o\000n\000\040\000a}{chapter.5}% 21
\BOOKMARK [1][-]{section.5.2}{\376\377\000S\000e\000c\000t\000i\000o\000n\000\040\000b}{chapter.5}% 22
\BOOKMARK [0][-]{chapter.6}{\376\377\000C\000h\000a\000p\000t\000e\000r\000\040\0006\000\040\000t\000i\000t\000l\000e}{}% 23
\BOOKMARK [0][-]{chapter.7}{\376\377\000C\000h\000a\000p\000t\000e\000r\000\040\0007\000\040\000t\000i\000t\000l\000e}{}% 24
\BOOKMARK [0][-]{chapter.8}{\376\377\000T\000a\000b\000l\000e\000\040\000e\000x\000a\000m\000p\000l\000e\000\040\000B\000c\000\040\000-\000>\000\040\000B\000n\000\040\000M\0001\000\040\000M\0002\000\040\000n\000u\000m\000e\000r\000i\000c\000a\000l\000\040\000r\000e\000s\000u\000l\000t\000s}{}% 25
\BOOKMARK [0][-]{chapter*.14}{\376\377\000B\000i\000b\000l\000i\000o\000g\000r\000a\000p\000h\000y}{}% 26
